0 info it worked if it ends with ok
1 verbose cli [ '/usr/bin/node', '/usr/bin/npm', 'run', 'debug' ]
2 info using npm@3.5.2
3 info using node@v8.10.0
4 verbose run-script [ 'predebug', 'debug', 'postdebug' ]
5 info lifecycle kkutu@1.0.0~predebug: kkutu@1.0.0
6 silly lifecycle kkutu@1.0.0~predebug: no script for predebug, continuing
7 info lifecycle kkutu@1.0.0~debug: kkutu@1.0.0
8 verbose lifecycle kkutu@1.0.0~debug: unsafe-perm in lifecycle true
9 verbose lifecycle kkutu@1.0.0~debug: PATH: /usr/share/npm/bin/node-gyp-bin:/home/user/KKutu/node_modules/.bin:/home/user/google-cloud-sdk/bin:/opt/GitHub Desktop:/opt/GitHub Desktop:/usr/local/sbin:/usr/local/bin:/usr/sbin:/usr/bin:/sbin:/bin:/usr/games:/usr/local/games:/snap/bin:/home/user/.dotnet/tools:/home/user/.dotnet/tools
10 verbose lifecycle kkutu@1.0.0~debug: CWD: /home/user/KKutu
11 silly lifecycle kkutu@1.0.0~debug: Args: [ '-c', 'node --nolazy --inspect-brk=9229 index.js' ]
12 silly lifecycle kkutu@1.0.0~debug: Returned: code: 1  signal: null
13 info lifecycle kkutu@1.0.0~debug: Failed to exec debug script
14 verbose stack Error: kkutu@1.0.0 debug: `node --nolazy --inspect-brk=9229 index.js`
14 verbose stack Exit status 1
14 verbose stack     at EventEmitter.<anonymous> (/usr/share/npm/lib/utils/lifecycle.js:232:16)
14 verbose stack     at emitTwo (events.js:126:13)
14 verbose stack     at EventEmitter.emit (events.js:214:7)
14 verbose stack     at ChildProcess.<anonymous> (/usr/share/npm/lib/utils/spawn.js:24:14)
14 verbose stack     at emitTwo (events.js:126:13)
14 verbose stack     at ChildProcess.emit (events.js:214:7)
14 verbose stack     at maybeClose (internal/child_process.js:925:16)
14 verbose stack     at Process.ChildProcess._handle.onexit (internal/child_process.js:209:5)
15 verbose pkgid kkutu@1.0.0
16 verbose cwd /home/user/KKutu
17 error Linux 4.18.0-25-generic
18 error argv "/usr/bin/node" "/usr/bin/npm" "run" "debug"
19 error node v8.10.0
20 error npm  v3.5.2
21 error code ELIFECYCLE
22 error kkutu@1.0.0 debug: `node --nolazy --inspect-brk=9229 index.js`
22 error Exit status 1
23 error Failed at the kkutu@1.0.0 debug script 'node --nolazy --inspect-brk=9229 index.js'.
23 error Make sure you have the latest version of node.js and npm installed.
23 error If you do, this is most likely a problem with the kkutu package,
23 error not with npm itself.
23 error Tell the author that this fails on your system:
23 error     node --nolazy --inspect-brk=9229 index.js
23 error You can get information on how to open an issue for this project with:
23 error     npm bugs kkutu
23 error Or if that isn't available, you can get their info via:
23 error     npm owner ls kkutu
23 error There is likely additional logging output above.
24 verbose exit [ 1, true ]
